#
# There is insufficient memory for the Java Runtime Environment to continue.
# Native memory allocation (malloc) failed to allocate 1048576 bytes for AllocateHeap
# Possible reasons:
#   The system is out of physical RAM or swap space
#   In 32 bit mode, the process size limit was hit
# Possible solutions:
#   Reduce memory load on the system
#   Increase physical memory or swap space
#   Check if swap backing store is full
#   Use 64 bit Java on a 64 bit OS
#   Decrease Java heap size (-Xmx/-Xms)
#   Decrease number of Java threads
#   Decrease Java thread stack sizes (-Xss)
#   Set larger code cache with -XX:ReservedCodeCacheSize=
# This output file may be truncated or incomplete.
#
#  Out of Memory Error (memory/allocation.inline.hpp:61), pid=6944, tid=0x000000000000040c
#
# JRE version:  (8.0_112-b15) (build )
# Java VM: Java HotSpot(TM) 64-Bit Server VM (25.112-b15 mixed mode windows-amd64 compressed oops)
# Failed to write core dump. Minidumps are not enabled by default on client versions of Windows
#

---------------  T H R E A D  ---------------

Current thread (0x0000000001e0e800):  JavaThread "Unknown thread" [_thread_in_vm, id=1036, stack(0x00000000025d0000,0x00000000026d0000)]

Stack: [0x00000000025d0000,0x00000000026d0000]
[error occurred during error reporting (printing stack bounds), id 0xc0000005]

Native frames: (J=compiled Java code, j=interpreted, Vv=VM code, C=native code)


---------------  P R O C E S S  ---------------

Java Threads: ( => current thread )

Other Threads:

=>0x0000000001e0e800 (exited) JavaThread "Unknown thread" [_thread_in_vm, id=1036, stack(0x00000000025d0000,0x00000000026d0000)]

VM state:not at safepoint (normal execution)

VM Mutex/Monitor currently owned by a thread: None

Heap:
 PSYoungGen      total 2048K, used 30K [0x00000000eb000000, 0x00000000eb280000, 0x0000000100000000)
  eden space 1536K, 2% used [0x00000000eb000000,0x00000000eb007af0,0x00000000eb180000)
  from space 512K, 0% used [0x00000000eb200000,0x00000000eb200000,0x00000000eb280000)
  to   space 512K, 0% used [0x00000000eb180000,0x00000000eb180000,0x00000000eb200000)
 ParOldGen       total 5632K, used 0K [0x00000000c1000000, 0x00000000c1580000, 0x00000000eb000000)
  object space 5632K, 0% used [0x00000000c1000000,0x00000000c1000000,0x00000000c1580000)
 Metaspace       used 783K, capacity 1092K, committed 1152K, reserved 1060864K
  class space    used 75K, capacity 384K, committed 384K, reserved 1048576K

Card table byte_map: [0x0000000011a90000,0x0000000011c90000] byte_map_base: 0x0000000011488000

Marking Bits: (ParMarkBitMap*) 0x0000000057e4a6d0
 Begin Bits: [0x00000000129c0000, 0x0000000013980000)
 End Bits:   [0x0000000013980000, 0x0000000014940000)

Polling page: 0x0000000000310000

CodeCache: size=245760Kb used=328Kb max_used=328Kb free=245431Kb
 bounds [0x00000000026d0000, 0x0000000002940000, 0x00000000116d0000]
 total_blobs=58 nmethods=0 adapters=38
 compilation: enabled

Compilation events (0 events):
No events

GC Heap History (0 events):
No events

Deoptimization events (0 events):
No events

Internal exceptions (0 events):
No events

Events (10 events):
Event: 0.025 loading class java/lang/Short
Event: 0.025 loading class java/lang/Short done
Event: 0.025 loading class java/lang/Integer
Event: 0.025 loading class java/lang/Integer done
Event: 0.025 loading class java/lang/Long
Event: 0.025 loading class java/lang/Long done
Event: 0.026 loading class java/lang/NullPointerException
Event: 0.026 loading class java/lang/NullPointerException done
Event: 0.026 loading class java/lang/ArithmeticException
Event: 0.026 loading class java/lang/ArithmeticException done


Dynamic libraries:
0x000000013f970000 - 0x000000013f977000 	C:\Program Files\Java\jdk1.8.0_112\bin\javac.exe
0x00000000771e0000 - 0x000000007738a000 	C:\Windows\SYSTEM32\ntdll.dll
0x0000000076fc0000 - 0x00000000770df000 	C:\Windows\system32\kernel32.dll
0x000007fefd280000 - 0x000007fefd2ea000 	C:\Windows\system32\KERNELBASE.dll
0x0000000070fb0000 - 0x0000000070fdf000 	C:\Program Files\Java\jdk1.8.0_112\bin\jli.dll
0x000007fefd630000 - 0x000007fefd70b000 	C:\Windows\system32\ADVAPI32.dll
0x000007fefdc60000 - 0x000007fefdcff000 	C:\Windows\system32\msvcrt.dll
0x000007feff200000 - 0x000007feff21f000 	C:\Windows\SYSTEM32\sechost.dll
0x000007fefd500000 - 0x000007fefd62d000 	C:\Windows\system32\RPCRT4.dll
0x000007fefbd00000 - 0x000007fefbef4000 	C:\Windows\WinSxS\amd64_microsoft.windows.common-controls_6595b64144ccf1df_6.0.7601.17514_none_fa396087175ac9ac\COMCTL32.dll
0x000007fefeca0000 - 0x000007fefed07000 	C:\Windows\system32\GDI32.dll
0x00000000770e0000 - 0x00000000771da000 	C:\Windows\system32\USER32.dll
0x000007feff490000 - 0x000007feff49e000 	C:\Windows\system32\LPK.dll
0x000007fefdaf0000 - 0x000007fefdbba000 	C:\Windows\system32\USP10.dll
0x000007fefec20000 - 0x000007fefec91000 	C:\Windows\system32\SHLWAPI.dll
0x000000006fe40000 - 0x000000006ff12000 	C:\Program Files\Java\jdk1.8.0_112\bin\MSVCR100.dll
0x000007feff460000 - 0x000007feff48e000 	C:\Windows\system32\IMM32.DLL
0x000007fefee70000 - 0x000007fefef79000 	C:\Windows\system32\MSCTF.dll
0x0000000070fe0000 - 0x00000000710b2000 	C:\Program Files\Java\jdk1.8.0_112\jre\bin\msvcr100.dll
0x0000000057630000 - 0x0000000057eca000 	C:\Program Files\Java\jdk1.8.0_112\jre\bin\server\jvm.dll
0x000007fefae30000 - 0x000007fefae39000 	C:\Windows\system32\WSOCK32.dll
0x000007feff4a0000 - 0x000007feff4ed000 	C:\Windows\system32\WS2_32.dll
0x000007feff430000 - 0x000007feff438000 	C:\Windows\system32\NSI.dll
0x000007fefa230000 - 0x000007fefa26b000 	C:\Windows\system32\WINMM.dll
0x000007fefc270000 - 0x000007fefc27c000 	C:\Windows\system32\VERSION.dll
0x00000000773a0000 - 0x00000000773a7000 	C:\Windows\system32\PSAPI.DLL
0x0000000071330000 - 0x000000007133f000 	C:\Program Files\Java\jdk1.8.0_112\jre\bin\verify.dll
0x0000000071300000 - 0x0000000071329000 	C:\Program Files\Java\jdk1.8.0_112\jre\bin\java.dll
0x00000000712e0000 - 0x00000000712f6000 	C:\Program Files\Java\jdk1.8.0_112\jre\bin\zip.dll

VM Arguments:
jvm_args: -Dapplication.home=C:\Program Files\Java\jdk1.8.0_112 -Xms8m 
java_command: com.sun.tools.javac.Main -d C:\Users\Administrator\Desktop\DataStructCode\build\classes -classpath C:\Users\Administrator\Desktop\DataStructCode\build\classes -sourcepath C:\Users\Administrator\Desktop\DataStructCode\src -target 1.8 -encoding UTF-8 -g -processorpath C:\Users\Administrator\Desktop\DataStructCode\build\empty -s C:\Users\Administrator\Desktop\DataStructCode\build\generated-sources\ap-source-output -source 1.8 C:\Users\Administrator\Desktop\DataStructCode\src\HomeWork\chapter03\chapter03.java
java_class_path (initial): C:\Program Files\Java\jdk1.8.0_112/lib/tools.jar;C:\Program Files\Java\jdk1.8.0_112/classes
Launcher Type: SUN_STANDARD

Environment Variables:
JAVA_HOME=C:\Program Files\Java\jdk1.8.0_112
PATH=C:\Program Files (x86)\Borland\Delphi7\Bin;C:\Program Files (x86)\Borland\Delphi7\Projects\Bpl\;C:\Program Files\Java\jdk1.8.0_112\bin;C:\Windows\system32;C:\Windows;C:\Windows\System32\Wbem;C:\Windows\System32\WindowsPowerShell\v1.0\;C:\Program Files (x86)\QuickTime\QTSystem\;C:\Program Files (x86)\Microsoft SQL Server\100\Tools\Binn\;C:\Program Files\Microsoft SQL Server\100\Tools\Binn\;C:\Program Files\Microsoft SQL Server\100\DTS\Binn\;C:\Program Files (x86)\Microsoft SQL Server\100\Tools\Binn\VSShell\Common7\IDE\;C:\Program Files (x86)\Microsoft SQL Server\100\DTS\Binn\;C:\Program Files (x86)\Microsoft Visual Studio 9.0\Common7\IDE\PrivateAssemblies\;C:\Program Files (x86)\Rational\common
USERNAME=Administrator
OS=Windows_NT
PROCESSOR_IDENTIFIER=Intel64 Family 6 Model 94 Stepping 3, GenuineIntel



---------------  S Y S T E M  ---------------

OS: Windows 7 , 64 bit Build 7601 (6.1.7601.23677)

CPU:total 8 (4 cores per cpu, 2 threads per core) family 6 model 94 stepping 3, cmov, cx8, fxsr, mmx, sse, sse2, sse3, ssse3, sse4.1, sse4.2, popcnt, avx, avx2, aes, clmul, erms, rtm, 3dnowpref, lzcnt, ht, tsc, tscinvbit, bmi1, bmi2, adx

Memory: 4k page, physical 4121676k(556028k free), swap 5168392k(5732k free)

vm_info: Java HotSpot(TM) 64-Bit Server VM (25.112-b15) for windows-amd64 JRE (1.8.0_112-b15), built on Sep 22 2016 21:31:56 by "java_re" with MS VC++ 10.0 (VS2010)

time: Wed Mar 24 11:39:35 2021
elapsed time: 0 seconds (0d 0h 0m 0s)

